Env, learningRate, networkWidth, networkActivation, nEpisodes, iterSimBudget, nEpochs, minibatchSize, actionRepeat, meanEpisodeReward, bestSoFar 
Walker2d-v2,0.00017460054583486563,123,tanh,None,17968,17,529,2,224.7768357666688,224.7768357666688 
Walker2d-v2,0.00035637742829804846,87,tanh,None,24607,7,397,2,229.96388317598138,229.96388317598138 
Walker2d-v2,0.000355400725611384,91,lrelu,None,25451,20,192,2,239.80411783783939,239.80411783783939 
Walker2d-v2,0.0009847447115759527,152,tanh,None,49243,18,957,2,-1.9302744789589539,-1.9302744789589539 
Walker2d-v2,0.00012147122436803689,62,lrelu,None,32158,5,206,2,198.35240781920106,198.35240781920106 
Walker2d-v2,0.0006049173423514975,199,tanh,None,7565,16,294,2,108.35136480348154,108.35136480348154 
Walker2d-v2,0.00024704437697988305,245,lrelu,None,50639,17,389,2,180.1379605853268,180.1379605853268 
Walker2d-v2,0.0004299997471805297,43,lrelu,None,10495,20,225,2,102.64214033778765,102.64214033778765 
Walker2d-v2,0.00017385313998991684,153,tanh,None,43878,10,898,2,134.14702195942908,134.14702195942908 
Walker2d-v2,0.0005025383829386422,120,lrelu,None,59435,9,558,2,150.8416881811553,150.8416881811553 
Walker2d-v2,0.0002587409475631647,153,tanh,None,57463,13,778,2,99.5782162201305,99.5782162201305 
Walker2d-v2,0.0001688078517860745,254,tanh,None,7945,12,310,1,38.35834851103856,38.35834851103856 
Walker2d-v2,0.0002986328064776296,32,lrelu,None,24188,12,211,1,206.29121762501208,206.29121762501208 
Walker2d-v2,0.00010273574886854802,76,lrelu,None,29135,8,225,2,216.6538999072869,216.6538999072869 
Walker2d-v2,0.00022233441713948252,68,lrelu,None,6602,13,600,1,206.1991653086116,206.1991653086116 
Walker2d-v2,0.00036390269607639497,62,lrelu,None,21415,6,177,1,10.086617090147879,10.086617090147879 
Walker2d-v2,0.00036390269607639497,62,lrelu,None,22415,6,177,1,185.27335153887472,185.27335153887472 
Walker2d-v2,0.00038264429715526883,256,lrelu,None,2653,1,424,1,148.5701929030962,148.5701929030962 
Walker2d-v2,0.0004614040087294843,229,lrelu,None,19204,2,936,2,10.09774374239187,10.09774374239187 
Walker2d-v2,0.00010275049959926104,136,lrelu,None,39185,9,610,2,59.085757495257155,59.085757495257155 
Walker2d-v2,0.0008342250974105497,47,tanh,None,48254,4,989,1,237.44153350283864,237.44153350283864 
Walker2d-v2,0.0005882191679620915,75,lrelu,None,37110,12,145,2,221.12527628212206,221.12527628212206 
Walker2d-v2,0.0004941377982021877,27,lrelu,None,39618,19,261,2,194.9014699861026,194.9014699861026 
Walker2d-v2,0.0008195807002413218,116,lrelu,None,34744,17,60,1,197.40177776376464,197.40177776376464 
Walker2d-v2,0.00044456285689816567,72,tanh,None,2029,11,421,1,396.70292926153536,396.70292926153536 
Walker2d-v2,0.0001835344880822934,237,tanh,None,9602,3,174,2,67.18140736585643,67.18140736585643 
Walker2d-v2,0.0008980263976723731,195,tanh,None,11102,11,773,1,195.65180753973914,195.65180753973914 
Walker2d-v2,0.0009041794588268807,198,lrelu,None,10400,4,1024,2,157.93292414585042,157.93292414585042 
Walker2d-v2,0.0003706547968547215,204,lrelu,None,32922,14,933,1,149.8830545228626,149.8830545228626 
Walker2d-v2,0.0008503247995543425,236,lrelu,None,15670,11,403,1,93.70454206930434,93.70454206930434 
Walker2d-v2,0.0003341608479331481,247,lrelu,None,16753,14,504,1,196.59621156200498,196.59621156200498 
Walker2d-v2,0.0005744556665507148,27,lrelu,None,49036,12,1002,1,220.45653384004132,220.45653384004132 
Walker2d-v2,0.0001637455034375574,140,lrelu,None,52781,6,67,1,275.5435542102341,275.5435542102341 
Walker2d-v2,0.00028595145338186656,82,tanh,None,8440,4,664,2,179.16303698344498,179.16303698344498 
Walker2d-v2,0.0004650532066657048,196,tanh,None,40662,5,109,1,202.87224897327934,202.87224897327934 
Walker2d-v2,0.00011114010478088881,16,tanh,None,45598,1,957,2,-0.6212024655013869,-0.6212024655013869 
Walker2d-v2,0.00022937591860153282,56,lrelu,None,50513,15,579,1,167.79826096161054,167.79826096161054 
Walker2d-v2,0.00011774987242572722,93,tanh,None,34474,4,98,2,187.23683164534555,187.23683164534555 
Walker2d-v2,0.00029723978726769193,54,tanh,None,7452,18,579,2,247.08795283517412,247.08795283517412 
Walker2d-v2,0.0001352416924613687,249,tanh,None,38555,20,90,1,234.0723526240239,234.0723526240239 
Walker2d-v2,0.0004947489211859983,202,tanh,None,27638,3,646,1,119.9904975604007,119.9904975604007 
Walker2d-v2,0.00019503386379850622,41,lrelu,None,19619,19,62,2,279.2358377232296,279.2358377232296 
Walker2d-v2,0.0001484923348409979,166,lrelu,None,47510,12,651,1,152.49033338507897,152.49033338507897 
Walker2d-v2,0.00013306427535333997,247,lrelu,None,28803,20,721,2,200.15193865781836,200.15193865781836 
Walker2d-v2,0.000496877702281871,70,tanh,None,47278,4,1020,1,222.25738474865764,222.25738474865764 
Walker2d-v2,0.0005364580677831702,118,tanh,None,39453,17,266,1,116.19592757857794,116.19592757857794 
Walker2d-v2,0.00012099719517108308,155,lrelu,None,61603,3,569,1,147.55897902688852,147.55897902688852 
Walker2d-v2,0.00085878952419192,165,tanh,None,52132,1,779,1,134.22333889693158,134.22333889693158 
Walker2d-v2,0.00014595932284245964,247,lrelu,None,4196,11,759,2,83.98073128028314,83.98073128028314 
Walker2d-v2,0.0007714450039003234,250,tanh,None,50003,15,707,2,2.6965665773268253,2.6965665773268253 
Walker2d-v2,0.0005120890589174318,179,lrelu,None,10685,4,841,1,202.02811051512762,202.02811051512762 
Walker2d-v2,0.00024568761556764104,136,lrelu,None,59861,1,360,1,224.45980278713867,224.45980278713867 
Walker2d-v2,0.0008432031319213826,125,lrelu,None,6164,9,363,2,49.62890114375459,49.62890114375459 
Walker2d-v2,0.0006233064848888045,16,lrelu,None,10772,3,806,2,256.0267846639166,256.0267846639166 
Walker2d-v2,0.00020413851809915863,69,lrelu,None,55862,1,602,2,81.13297888571239,81.13297888571239 
Walker2d-v2,0.0004188120804666144,172,tanh,None,53640,3,1002,1,140.30148615128732,140.30148615128732 
Walker2d-v2,0.00031141905115700843,209,tanh,None,54500,17,626,2,77.03003425644822,77.03003425644822 
Walker2d-v2,0.00021163426028028445,44,lrelu,None,5057,19,202,1,210.64252276228808,210.64252276228808 
Walker2d-v2,0.00012949789701296319,204,tanh,None,41385,10,871,1,205.67178278575074,205.67178278575074 
